Thu, 18 Feb 2016 17:38:25:pmcmp.py[line:285] INFO SAX handler init.
Thu, 18 Feb 2016 17:38:25:pmcmp.py[line:349] INFO Found a header information.
Thu, 18 Feb 2016 17:38:25:pmcmp.py[line:353] INFO Found a Measurement information
Thu, 18 Feb 2016 17:38:25:pmcmp.py[line:357] INFO Found a ObjectType information.
Thu, 18 Feb 2016 17:38:25:pmcmp.py[line:361] INFO Found a PmName information.
Thu, 18 Feb 2016 17:38:25:pmcmp.py[line:369] INFO Found a PMData information.
Thu, 18 Feb 2016 17:38:25:pmcmp.py[line:353] INFO Found a Measurement information
Thu, 18 Feb 2016 17:38:25:pmcmp.py[line:357] INFO Found a ObjectType information.
Thu, 18 Feb 2016 17:38:25:pmcmp.py[line:361] INFO Found a PmName information.
Thu, 18 Feb 2016 17:38:25:pmcmp.py[line:369] INFO Found a PMData information.
Thu, 18 Feb 2016 17:38:25:pmcmp.py[line:494] INFO End the parsing of XML.
Thu, 18 Feb 2016 17:38:25:pmcmp.py[line:841] DEBUG C:\Users\eyyylll\git\selenium\x\pm_file\ready\HSS_LTE/HSS_LTE-HSS-TTPM-V1.0.0-20160218-1600.xml accuracy test success.
Thu, 18 Feb 2016 17:38:25:pmcmp.py[line:285] INFO SAX handler init.
Thu, 18 Feb 2016 17:38:25:pmcmp.py[line:349] INFO Found a header information.
Thu, 18 Feb 2016 17:38:25:pmcmp.py[line:353] INFO Found a Measurement information
Thu, 18 Feb 2016 17:38:25:pmcmp.py[line:357] INFO Found a ObjectType information.
Thu, 18 Feb 2016 17:38:25:pmcmp.py[line:361] INFO Found a PmName information.
Thu, 18 Feb 2016 17:38:25:pmcmp.py[line:369] INFO Found a PMData information.
Thu, 18 Feb 2016 17:38:25:pmcmp.py[line:353] INFO Found a Measurement information
Thu, 18 Feb 2016 17:38:25:pmcmp.py[line:357] INFO Found a ObjectType information.
Thu, 18 Feb 2016 17:38:25:pmcmp.py[line:361] INFO Found a PmName information.
Thu, 18 Feb 2016 17:38:25:pmcmp.py[line:369] INFO Found a PMData information.
Thu, 18 Feb 2016 17:38:25:pmcmp.py[line:494] INFO End the parsing of XML.
Thu, 18 Feb 2016 17:38:25:pmcmp.py[line:841] DEBUG C:\Users\eyyylll\git\selenium\x\pm_file\ready\HSS_LTE/HSS_LTE-HSS-TTPM-V1.0.0-20160218-1635.xml accuracy test success.
Thu, 18 Feb 2016 17:38:25:pmcmp.py[line:285] INFO SAX handler init.
Thu, 18 Feb 2016 17:38:25:pmcmp.py[line:349] INFO Found a header information.
Thu, 18 Feb 2016 17:38:25:pmcmp.py[line:353] INFO Found a Measurement information
Thu, 18 Feb 2016 17:38:25:pmcmp.py[line:357] INFO Found a ObjectType information.
Thu, 18 Feb 2016 17:38:25:pmcmp.py[line:361] INFO Found a PmName information.
Thu, 18 Feb 2016 17:38:25:pmcmp.py[line:369] INFO Found a PMData information.
Thu, 18 Feb 2016 17:38:25:pmcmp.py[line:353] INFO Found a Measurement information
Thu, 18 Feb 2016 17:38:25:pmcmp.py[line:357] INFO Found a ObjectType information.
Thu, 18 Feb 2016 17:38:25:pmcmp.py[line:361] INFO Found a PmName information.
Thu, 18 Feb 2016 17:38:25:pmcmp.py[line:369] INFO Found a PMData information.
Thu, 18 Feb 2016 17:38:25:pmcmp.py[line:494] INFO End the parsing of XML.
Thu, 18 Feb 2016 17:38:25:pmcmp.py[line:841] DEBUG C:\Users\eyyylll\git\selenium\x\pm_file\ready\HSS_LTE/HSS_LTE-HSS-TTPM-V1.0.0-20160218-1605.xml accuracy test success.
Thu, 18 Feb 2016 17:38:25:pmcmp.py[line:285] INFO SAX handler init.
Thu, 18 Feb 2016 17:38:25:pmcmp.py[line:349] INFO Found a header information.
Thu, 18 Feb 2016 17:38:25:pmcmp.py[line:353] INFO Found a Measurement information
Thu, 18 Feb 2016 17:38:25:pmcmp.py[line:357] INFO Found a ObjectType information.
Thu, 18 Feb 2016 17:38:25:pmcmp.py[line:361] INFO Found a PmName information.
Thu, 18 Feb 2016 17:38:25:pmcmp.py[line:369] INFO Found a PMData information.
Thu, 18 Feb 2016 17:38:25:pmcmp.py[line:353] INFO Found a Measurement information
Thu, 18 Feb 2016 17:38:25:pmcmp.py[line:357] INFO Found a ObjectType information.
Thu, 18 Feb 2016 17:38:25:pmcmp.py[line:361] INFO Found a PmName information.
Thu, 18 Feb 2016 17:38:25:pmcmp.py[line:369] INFO Found a PMData information.
Thu, 18 Feb 2016 17:38:25:pmcmp.py[line:494] INFO End the parsing of XML.
Thu, 18 Feb 2016 17:38:25:pmcmp.py[line:841] DEBUG C:\Users\eyyylll\git\selenium\x\pm_file\ready\HSS_LTE/HSS_LTE-HSS-TTPM-V1.0.0-20160218-1640.xml accuracy test success.
Thu, 18 Feb 2016 17:38:25:pmcmp.py[line:285] INFO SAX handler init.
Thu, 18 Feb 2016 17:38:25:pmcmp.py[line:349] INFO Found a header information.
Thu, 18 Feb 2016 17:38:25:pmcmp.py[line:353] INFO Found a Measurement information
Thu, 18 Feb 2016 17:38:25:pmcmp.py[line:357] INFO Found a ObjectType information.
Thu, 18 Feb 2016 17:38:25:pmcmp.py[line:361] INFO Found a PmName information.
Thu, 18 Feb 2016 17:38:25:pmcmp.py[line:369] INFO Found a PMData information.
Thu, 18 Feb 2016 17:38:25:pmcmp.py[line:353] INFO Found a Measurement information
Thu, 18 Feb 2016 17:38:25:pmcmp.py[line:357] INFO Found a ObjectType information.
Thu, 18 Feb 2016 17:38:25:pmcmp.py[line:361] INFO Found a PmName information.
Thu, 18 Feb 2016 17:38:25:pmcmp.py[line:369] INFO Found a PMData information.
Thu, 18 Feb 2016 17:38:25:pmcmp.py[line:494] INFO End the parsing of XML.
Thu, 18 Feb 2016 17:38:25:pmcmp.py[line:841] DEBUG C:\Users\eyyylll\git\selenium\x\pm_file\ready\HSS_LTE/HSS_LTE-HSS-TTPM-V1.0.0-20160218-1610.xml accuracy test success.
Thu, 18 Feb 2016 17:38:25:pmcmp.py[line:285] INFO SAX handler init.
Thu, 18 Feb 2016 17:38:25:pmcmp.py[line:349] INFO Found a header information.
Thu, 18 Feb 2016 17:38:25:pmcmp.py[line:353] INFO Found a Measurement information
Thu, 18 Feb 2016 17:38:25:pmcmp.py[line:357] INFO Found a ObjectType information.
Thu, 18 Feb 2016 17:38:25:pmcmp.py[line:361] INFO Found a PmName information.
Thu, 18 Feb 2016 17:38:25:pmcmp.py[line:369] INFO Found a PMData information.
Thu, 18 Feb 2016 17:38:25:pmcmp.py[line:353] INFO Found a Measurement information
Thu, 18 Feb 2016 17:38:25:pmcmp.py[line:357] INFO Found a ObjectType information.
Thu, 18 Feb 2016 17:38:25:pmcmp.py[line:361] INFO Found a PmName information.
Thu, 18 Feb 2016 17:38:25:pmcmp.py[line:369] INFO Found a PMData information.
Thu, 18 Feb 2016 17:38:25:pmcmp.py[line:494] INFO End the parsing of XML.
Thu, 18 Feb 2016 17:38:25:pmcmp.py[line:841] DEBUG C:\Users\eyyylll\git\selenium\x\pm_file\ready\HSS_LTE/HSS_LTE-HSS-TTPM-V1.0.0-20160218-1645.xml accuracy test success.
Thu, 18 Feb 2016 17:38:25:pmcmp.py[line:285] INFO SAX handler init.
Thu, 18 Feb 2016 17:38:25:pmcmp.py[line:349] INFO Found a header information.
Thu, 18 Feb 2016 17:38:25:pmcmp.py[line:353] INFO Found a Measurement information
Thu, 18 Feb 2016 17:38:25:pmcmp.py[line:357] INFO Found a ObjectType information.
Thu, 18 Feb 2016 17:38:25:pmcmp.py[line:361] INFO Found a PmName information.
Thu, 18 Feb 2016 17:38:25:pmcmp.py[line:369] INFO Found a PMData information.
Thu, 18 Feb 2016 17:38:25:pmcmp.py[line:353] INFO Found a Measurement information
Thu, 18 Feb 2016 17:38:25:pmcmp.py[line:357] INFO Found a ObjectType information.
Thu, 18 Feb 2016 17:38:25:pmcmp.py[line:361] INFO Found a PmName information.
Thu, 18 Feb 2016 17:38:25:pmcmp.py[line:369] INFO Found a PMData information.
Thu, 18 Feb 2016 17:38:25:pmcmp.py[line:494] INFO End the parsing of XML.
Thu, 18 Feb 2016 17:38:25:pmcmp.py[line:841] DEBUG C:\Users\eyyylll\git\selenium\x\pm_file\ready\HSS_LTE/HSS_LTE-HSS-TTPM-V1.0.0-20160218-1615.xml accuracy test success.
Thu, 18 Feb 2016 17:38:25:pmcmp.py[line:285] INFO SAX handler init.
Thu, 18 Feb 2016 17:38:25:pmcmp.py[line:349] INFO Found a header information.
Thu, 18 Feb 2016 17:38:25:pmcmp.py[line:353] INFO Found a Measurement information
Thu, 18 Feb 2016 17:38:25:pmcmp.py[line:357] INFO Found a ObjectType information.
Thu, 18 Feb 2016 17:38:25:pmcmp.py[line:361] INFO Found a PmName information.
Thu, 18 Feb 2016 17:38:25:pmcmp.py[line:369] INFO Found a PMData information.
Thu, 18 Feb 2016 17:38:25:pmcmp.py[line:353] INFO Found a Measurement information
Thu, 18 Feb 2016 17:38:25:pmcmp.py[line:357] INFO Found a ObjectType information.
Thu, 18 Feb 2016 17:38:25:pmcmp.py[line:361] INFO Found a PmName information.
Thu, 18 Feb 2016 17:38:25:pmcmp.py[line:369] INFO Found a PMData information.
Thu, 18 Feb 2016 17:38:25:pmcmp.py[line:494] INFO End the parsing of XML.
Thu, 18 Feb 2016 17:38:25:pmcmp.py[line:841] DEBUG C:\Users\eyyylll\git\selenium\x\pm_file\ready\HSS_LTE/HSS_LTE-HSS-TTPM-V1.0.0-20160218-1650.xml accuracy test success.
Thu, 18 Feb 2016 17:38:25:pmcmp.py[line:285] INFO SAX handler init.
Thu, 18 Feb 2016 17:38:25:pmcmp.py[line:349] INFO Found a header information.
Thu, 18 Feb 2016 17:38:25:pmcmp.py[line:353] INFO Found a Measurement information
Thu, 18 Feb 2016 17:38:25:pmcmp.py[line:357] INFO Found a ObjectType information.
Thu, 18 Feb 2016 17:38:25:pmcmp.py[line:361] INFO Found a PmName information.
Thu, 18 Feb 2016 17:38:25:pmcmp.py[line:369] INFO Found a PMData information.
Thu, 18 Feb 2016 17:38:25:pmcmp.py[line:353] INFO Found a Measurement information
Thu, 18 Feb 2016 17:38:25:pmcmp.py[line:357] INFO Found a ObjectType information.
Thu, 18 Feb 2016 17:38:25:pmcmp.py[line:361] INFO Found a PmName information.
Thu, 18 Feb 2016 17:38:25:pmcmp.py[line:369] INFO Found a PMData information.
Thu, 18 Feb 2016 17:38:25:pmcmp.py[line:494] INFO End the parsing of XML.
Thu, 18 Feb 2016 17:38:25:pmcmp.py[line:841] DEBUG C:\Users\eyyylll\git\selenium\x\pm_file\ready\HSS_LTE/HSS_LTE-HSS-TTPM-V1.0.0-20160218-1620.xml accuracy test success.
Thu, 18 Feb 2016 17:38:25:pmcmp.py[line:285] INFO SAX handler init.
Thu, 18 Feb 2016 17:38:25:pmcmp.py[line:349] INFO Found a header information.
Thu, 18 Feb 2016 17:38:25:pmcmp.py[line:353] INFO Found a Measurement information
Thu, 18 Feb 2016 17:38:25:pmcmp.py[line:357] INFO Found a ObjectType information.
Thu, 18 Feb 2016 17:38:25:pmcmp.py[line:361] INFO Found a PmName information.
Thu, 18 Feb 2016 17:38:25:pmcmp.py[line:369] INFO Found a PMData information.
Thu, 18 Feb 2016 17:38:25:pmcmp.py[line:353] INFO Found a Measurement information
Thu, 18 Feb 2016 17:38:25:pmcmp.py[line:357] INFO Found a ObjectType information.
Thu, 18 Feb 2016 17:38:25:pmcmp.py[line:361] INFO Found a PmName information.
Thu, 18 Feb 2016 17:38:25:pmcmp.py[line:369] INFO Found a PMData information.
Thu, 18 Feb 2016 17:38:25:pmcmp.py[line:494] INFO End the parsing of XML.
Thu, 18 Feb 2016 17:38:25:pmcmp.py[line:841] DEBUG C:\Users\eyyylll\git\selenium\x\pm_file\ready\HSS_LTE/HSS_LTE-HSS-TTPM-V1.0.0-20160218-1655.xml accuracy test success.
Thu, 18 Feb 2016 17:38:25:pmcmp.py[line:285] INFO SAX handler init.
Thu, 18 Feb 2016 17:38:25:pmcmp.py[line:349] INFO Found a header information.
Thu, 18 Feb 2016 17:38:25:pmcmp.py[line:353] INFO Found a Measurement information
Thu, 18 Feb 2016 17:38:25:pmcmp.py[line:357] INFO Found a ObjectType information.
Thu, 18 Feb 2016 17:38:25:pmcmp.py[line:361] INFO Found a PmName information.
Thu, 18 Feb 2016 17:38:25:pmcmp.py[line:369] INFO Found a PMData information.
Thu, 18 Feb 2016 17:38:25:pmcmp.py[line:353] INFO Found a Measurement information
Thu, 18 Feb 2016 17:38:25:pmcmp.py[line:357] INFO Found a ObjectType information.
Thu, 18 Feb 2016 17:38:25:pmcmp.py[line:361] INFO Found a PmName information.
Thu, 18 Feb 2016 17:38:25:pmcmp.py[line:369] INFO Found a PMData information.
Thu, 18 Feb 2016 17:38:25:pmcmp.py[line:494] INFO End the parsing of XML.
Thu, 18 Feb 2016 17:38:25:pmcmp.py[line:841] DEBUG C:\Users\eyyylll\git\selenium\x\pm_file\ready\HSS_LTE/HSS_LTE-HSS-TTPM-V1.0.0-20160218-1625.xml accuracy test success.
Thu, 18 Feb 2016 17:38:25:pmcmp.py[line:285] INFO SAX handler init.
Thu, 18 Feb 2016 17:38:25:pmcmp.py[line:349] INFO Found a header information.
Thu, 18 Feb 2016 17:38:25:pmcmp.py[line:353] INFO Found a Measurement information
Thu, 18 Feb 2016 17:38:25:pmcmp.py[line:357] INFO Found a ObjectType information.
Thu, 18 Feb 2016 17:38:25:pmcmp.py[line:361] INFO Found a PmName information.
Thu, 18 Feb 2016 17:38:25:pmcmp.py[line:369] INFO Found a PMData information.
Thu, 18 Feb 2016 17:38:25:pmcmp.py[line:353] INFO Found a Measurement information
Thu, 18 Feb 2016 17:38:25:pmcmp.py[line:357] INFO Found a ObjectType information.
Thu, 18 Feb 2016 17:38:25:pmcmp.py[line:361] INFO Found a PmName information.
Thu, 18 Feb 2016 17:38:25:pmcmp.py[line:369] INFO Found a PMData information.
Thu, 18 Feb 2016 17:38:25:pmcmp.py[line:494] INFO End the parsing of XML.
Thu, 18 Feb 2016 17:38:25:pmcmp.py[line:841] DEBUG C:\Users\eyyylll\git\selenium\x\pm_file\ready\HSS_LTE/HSS_LTE-HSS-TTPM-V1.0.0-20160218-1630.xml accuracy test success.
