Thu, 04 Feb 2016 17:43:28:pmcmp0128.py[line:274] INFO SAX handler init.
Thu, 04 Feb 2016 17:43:28:pmcmp0128.py[line:304] INFO Found a header information.
Thu, 04 Feb 2016 17:43:28:pmcmp0128.py[line:312] INFO Found a lic information.
Thu, 04 Feb 2016 17:43:28:pmcmp0128.py[line:312] INFO Found a lic information.
Thu, 04 Feb 2016 17:43:28:pmcmp0128.py[line:312] INFO Found a lic information.
Thu, 04 Feb 2016 17:43:28:pmcmp0128.py[line:312] INFO Found a lic information.
Thu, 04 Feb 2016 17:43:28:pmcmp0128.py[line:312] INFO Found a lic information.
Thu, 04 Feb 2016 17:43:28:pmcmp0128.py[line:376] INFO End the parsing of XML.
Thu, 04 Feb 2016 17:43:28:pmcmp0128.py[line:218] ERROR C:\Users\eyyylll\git\selenium\x\pm_file\ready\HSS_IMS/HSS_IMS-HSS-TTPM-V1.0.0-20160201-0800.xml data accuracy test failed.
Thu, 04 Feb 2016 17:43:28:pmcmp0128.py[line:220] ERROR PM counter:PMData/DC=Ericsson,SubNetwork=1,ManagedElement=HSS_IMS|IMSHSS77,L=LIC_LTE_3/F1 is missing.
Thu, 04 Feb 2016 17:43:28:pmcmp0128.py[line:274] INFO SAX handler init.
Thu, 04 Feb 2016 17:43:28:pmcmp0128.py[line:304] INFO Found a header information.
Thu, 04 Feb 2016 17:43:28:pmcmp0128.py[line:312] INFO Found a lic information.
Thu, 04 Feb 2016 17:43:28:pmcmp0128.py[line:312] INFO Found a lic information.
Thu, 04 Feb 2016 17:43:28:pmcmp0128.py[line:312] INFO Found a lic information.
Thu, 04 Feb 2016 17:43:28:pmcmp0128.py[line:312] INFO Found a lic information.
Thu, 04 Feb 2016 17:43:28:pmcmp0128.py[line:312] INFO Found a lic information.
Thu, 04 Feb 2016 17:43:28:pmcmp0128.py[line:376] INFO End the parsing of XML.
Thu, 04 Feb 2016 17:43:28:pmcmp0128.py[line:218] ERROR C:\Users\eyyylll\git\selenium\x\pm_file\ready\HSS_IMS/HSS_IMS-HSS-TTPM-V1.0.0-20160201-0845.xml data accuracy test failed.
Thu, 04 Feb 2016 17:43:28:pmcmp0128.py[line:220] ERROR PM counter:PMData/DC=Ericsson,SubNetwork=1,ManagedElement=HSS_IMS|IMSHSS77,L=LIC_LTE_3/F1 is missing.
Thu, 04 Feb 2016 17:43:28:pmcmp0128.py[line:274] INFO SAX handler init.
Thu, 04 Feb 2016 17:43:28:pmcmp0128.py[line:304] INFO Found a header information.
Thu, 04 Feb 2016 17:43:28:pmcmp0128.py[line:312] INFO Found a lic information.
Thu, 04 Feb 2016 17:43:28:pmcmp0128.py[line:312] INFO Found a lic information.
Thu, 04 Feb 2016 17:43:28:pmcmp0128.py[line:312] INFO Found a lic information.
Thu, 04 Feb 2016 17:43:28:pmcmp0128.py[line:312] INFO Found a lic information.
Thu, 04 Feb 2016 17:43:28:pmcmp0128.py[line:312] INFO Found a lic information.
Thu, 04 Feb 2016 17:43:28:pmcmp0128.py[line:376] INFO End the parsing of XML.
Thu, 04 Feb 2016 17:43:28:pmcmp0128.py[line:218] ERROR C:\Users\eyyylll\git\selenium\x\pm_file\ready\HSS_IMS/HSS_IMS-HSS-TTPM-V1.0.0-20160201-0830.xml data accuracy test failed.
Thu, 04 Feb 2016 17:43:28:pmcmp0128.py[line:220] ERROR PM counter:PMData/DC=Ericsson,SubNetwork=1,ManagedElement=HSS_IMS|IMSHSS77,L=LIC_LTE_3/F1 is missing.
Thu, 04 Feb 2016 17:43:28:pmcmp0128.py[line:274] INFO SAX handler init.
Thu, 04 Feb 2016 17:43:28:pmcmp0128.py[line:304] INFO Found a header information.
Thu, 04 Feb 2016 17:43:28:pmcmp0128.py[line:312] INFO Found a lic information.
Thu, 04 Feb 2016 17:43:28:pmcmp0128.py[line:312] INFO Found a lic information.
Thu, 04 Feb 2016 17:43:28:pmcmp0128.py[line:312] INFO Found a lic information.
Thu, 04 Feb 2016 17:43:28:pmcmp0128.py[line:312] INFO Found a lic information.
Thu, 04 Feb 2016 17:43:28:pmcmp0128.py[line:312] INFO Found a lic information.
Thu, 04 Feb 2016 17:43:28:pmcmp0128.py[line:376] INFO End the parsing of XML.
Thu, 04 Feb 2016 17:43:28:pmcmp0128.py[line:218] ERROR C:\Users\eyyylll\git\selenium\x\pm_file\ready\HSS_IMS/HSS_IMS-HSS-TTPM-V1.0.0-20160201-0815.xml data accuracy test failed.
Thu, 04 Feb 2016 17:43:28:pmcmp0128.py[line:220] ERROR PM counter:PMData/DC=Ericsson,SubNetwork=1,ManagedElement=HSS_IMS|IMSHSS77,L=LIC_LTE_3/F1 is missing.
